[24-May-2015 05:43:43 Europe/London] mail() on [/home/clavenso/public_html/Reviews/index.php:79]: To: jaredstevens10@yahoo.com -- Headers: From: <admin@clavensolutions.com>  Reply-To: admin@clavensolutions.com
[24-May-2015 05:46:00 Europe/London] mail() on [/home/clavenso/public_html/Reviews/index.php:79]: To: jaredstevens10@yahoo.com -- Headers: From: <admin@clavensolutions.com>  Reply-To: admin@clavensolutions.com
[24-May-2015 22:35:10 Europe/London] mail() on [/home/clavenso/public_html/Reviews/index.php:79]: To: mike.clayton@clavensolutions.com -- Headers: From: <admin@clavensolutions.com>  Reply-To: admin@clavensolutions.com
[25-May-2015 18:43:08 Europe/London] mail() on [/home/clavenso/public_html/Reviews/index.php:79]: To: corycallahan33@gmail.com -- Headers: From: <admin@clavensolutions.com>  Reply-To: admin@clavensolutions.com
[26-May-2015 16:27:22 America/Chicago] mail() on [/home/clavenso/public_html/Reviews/ItemSelection.php:8]: To:  -- Headers: From: <SITEEMAIL>  Reply-To: SITEEMAIL
[26-May-2015 16:29:49 America/Chicago] mail() on [/home/clavenso/public_html/Reviews/ItemSelection.php:8]: To:  -- Headers: From: <SITEEMAIL>  Reply-To: SITEEMAIL
[26-May-2015 16:31:57 America/Chicago] mail() on [/home/clavenso/public_html/Reviews/ItemSelection.php:8]: To:  -- Headers: From: <SITEEMAIL>  Reply-To: SITEEMAIL
[26-May-2015 16:43:59 America/Chicago] mail() on [/home/clavenso/public_html/Reviews/ItemSelection.php:8]: To:  -- Headers: From: <SITEEMAIL>  Reply-To: SITEEMAIL
[26-May-2015 16:45:09 America/Chicago] mail() on [/home/clavenso/public_html/Reviews/ItemSelection.php:8]: To:  -- Headers: From: <SITEEMAIL>  Reply-To: SITEEMAIL
[27-May-2015 13:06:29 Europe/London] mail() on [/home/clavenso/public_html/Reviews/ItemSelection.php:65]: To:  -- Headers: From: <admin@clavensolutions.com>  Reply-To: admin@clavensolutions.com
[27-May-2015 13:06:38 Europe/London] mail() on [/home/clavenso/public_html/Reviews/ItemSelection.php:65]: To:  -- Headers: From: <admin@clavensolutions.com>  Reply-To: admin@clavensolutions.com
[27-May-2015 13:08:12 Europe/London] mail() on [/home/clavenso/public_html/Reviews/ItemSelection.php:65]: To:  -- Headers: From: <admin@clavensolutions.com>  Reply-To: admin@clavensolutions.com
[27-May-2015 13:09:41 Europe/London] mail() on [/home/clavenso/public_html/Reviews/ItemSelection.php:41]: To:  -- Headers: From: <admin@clavensolutions.com>  Reply-To: admin@clavensolutions.com
[27-May-2015 13:10:00 Europe/London] mail() on [/home/clavenso/public_html/Reviews/ItemSelection.php:41]: To:  -- Headers: From: <admin@clavensolutions.com>  Reply-To: admin@clavensolutions.com
[27-May-2015 13:10:27 Europe/London] mail() on [/home/clavenso/public_html/Reviews/ItemSelection.php:41]: To:  -- Headers: From: <admin@clavensolutions.com>  Reply-To: admin@clavensolutions.com
[27-May-2015 13:11:52 Europe/London] mail() on [/home/clavenso/public_html/Reviews/ItemSelection.php:41]: To:  -- Headers: From: <admin@clavensolutions.com>  Reply-To: admin@clavensolutions.com
[27-May-2015 13:12:13 Europe/London] mail() on [/home/clavenso/public_html/Reviews/ItemSelection.php:41]: To:  -- Headers: From: <admin@clavensolutions.com>  Reply-To: admin@clavensolutions.com
[27-May-2015 13:12:52 Europe/London] mail() on [/home/clavenso/public_html/Reviews/ItemSelection.php:41]: To:  -- Headers: From: <admin@clavensolutions.com>  Reply-To: admin@clavensolutions.com
[27-May-2015 13:13:52 Europe/London] mail() on [/home/clavenso/public_html/Reviews/ItemSelection.php:41]: To:  -- Headers: From: <admin@clavensolutions.com>  Reply-To: admin@clavensolutions.com
[27-May-2015 13:14:20 Europe/London] mail() on [/home/clavenso/public_html/Reviews/ItemSelection.php:41]: To:  -- Headers: From: <admin@clavensolutions.com>  Reply-To: admin@clavensolutions.com
[27-May-2015 13:14:35 Europe/London] mail() on [/home/clavenso/public_html/Reviews/ItemSelection.php:41]: To:  -- Headers: From: <admin@clavensolutions.com>  Reply-To: admin@clavensolutions.com
[27-May-2015 13:15:47 Europe/London] mail() on [/home/clavenso/public_html/Reviews/ItemSelection.php:41]: To:  -- Headers: From: <admin@clavensolutions.com>  Reply-To: admin@clavensolutions.com
[27-May-2015 13:16:45 Europe/London] mail() on [/home/clavenso/public_html/Reviews/ItemSelection.php:41]: To:  -- Headers: From: <admin@clavensolutions.com>  Reply-To: admin@clavensolutions.com
[27-May-2015 13:17:37 Europe/London] mail() on [/home/clavenso/public_html/Reviews/ItemSelection.php:41]: To:  -- Headers: From: <admin@clavensolutions.com>  Reply-To: admin@clavensolutions.com
[27-May-2015 13:18:39 Europe/London] mail() on [/home/clavenso/public_html/Reviews/ItemSelection.php:41]: To:  -- Headers: From: <admin@clavensolutions.com>  Reply-To: admin@clavensolutions.com
[27-May-2015 13:19:07 Europe/London] mail() on [/home/clavenso/public_html/Reviews/ItemSelection.php:41]: To:  -- Headers: From: <admin@clavensolutions.com>  Reply-To: admin@clavensolutions.com
[27-May-2015 13:19:19 Europe/London] mail() on [/home/clavenso/public_html/Reviews/ItemSelection.php:41]: To:  -- Headers: From: <admin@clavensolutions.com>  Reply-To: admin@clavensolutions.com
[27-May-2015 13:19:25 Europe/London] mail() on [/home/clavenso/public_html/Reviews/ItemSelection.php:41]: To:  -- Headers: From: <admin@clavensolutions.com>  Reply-To: admin@clavensolutions.com
[27-May-2015 13:19:39 Europe/London] mail() on [/home/clavenso/public_html/Reviews/ItemSelection.php:41]: To:  -- Headers: From: <admin@clavensolutions.com>  Reply-To: admin@clavensolutions.com
[27-May-2015 13:19:55 Europe/London] mail() on [/home/clavenso/public_html/Reviews/ItemSelection.php:41]: To:  -- Headers: From: <admin@clavensolutions.com>  Reply-To: admin@clavensolutions.com
[27-May-2015 13:20:34 Europe/London] mail() on [/home/clavenso/public_html/Reviews/ItemSelection.php:41]: To:  -- Headers: From: <admin@clavensolutions.com>  Reply-To: admin@clavensolutions.com
[27-May-2015 13:20:50 Europe/London] mail() on [/home/clavenso/public_html/Reviews/ItemSelection.php:41]: To:  -- Headers: From: <admin@clavensolutions.com>  Reply-To: admin@clavensolutions.com
[27-May-2015 13:21:04 Europe/London] mail() on [/home/clavenso/public_html/Reviews/ItemSelection.php:41]: To:  -- Headers: From: <admin@clavensolutions.com>  Reply-To: admin@clavensolutions.com
[27-May-2015 13:21:23 Europe/London] mail() on [/home/clavenso/public_html/Reviews/ItemSelection.php:41]: To:  -- Headers: From: <admin@clavensolutions.com>  Reply-To: admin@clavensolutions.com
[27-May-2015 13:21:50 Europe/London] mail() on [/home/clavenso/public_html/Reviews/ItemSelection.php:41]: To:  -- Headers: From: <admin@clavensolutions.com>  Reply-To: admin@clavensolutions.com
[27-May-2015 13:24:14 Europe/London] mail() on [/home/clavenso/public_html/Reviews/ItemSelection.php:41]: To:  -- Headers: From: <admin@clavensolutions.com>  Reply-To: admin@clavensolutions.com
[27-May-2015 13:24:15 Europe/London] mail() on [/home/clavenso/public_html/Reviews/ItemSelection.php:41]: To:  -- Headers: From: <admin@clavensolutions.com>  Reply-To: admin@clavensolutions.com
[27-May-2015 13:24:18 Europe/London] mail() on [/home/clavenso/public_html/Reviews/ItemSelection.php:41]: To:  -- Headers: From: <admin@clavensolutions.com>  Reply-To: admin@clavensolutions.com
[27-May-2015 13:24:21 Europe/London] mail() on [/home/clavenso/public_html/Reviews/ItemSelection.php:41]: To:  -- Headers: From: <admin@clavensolutions.com>  Reply-To: admin@clavensolutions.com
[27-May-2015 13:25:44 Europe/London] mail() on [/home/clavenso/public_html/Reviews/ItemSelection.php:41]: To:  -- Headers: From: <admin@clavensolutions.com>  Reply-To: admin@clavensolutions.com
[27-May-2015 13:26:03 Europe/London] mail() on [/home/clavenso/public_html/Reviews/ItemSelection.php:41]: To:  -- Headers: From: <admin@clavensolutions.com>  Reply-To: admin@clavensolutions.com
[27-May-2015 15:36:27 Europe/London] mail() on [/home/clavenso/public_html/Reviews/ItemSelection.php:135]: To: jaredstevens10@yahoo.com -- Headers: From: <admin@clavensolutions.com>  Reply-To: admin@clavensolutions.com
[27-May-2015 15:49:05 Europe/London] mail() on [/home/clavenso/public_html/Reviews/ItemSelection.php:143]: To: jaredstevens10@yahoo.com -- Headers: From: <admin@clavensolutions.com>  Reply-To: admin@clavensolutions.com
[27-May-2015 16:07:18 Europe/London] mail() on [/home/clavenso/public_html/Reviews/ItemSelection.php:161]: To: jaredstevens10@yahoo.com -- Headers: From: <admin@clavensolutions.com>  Reply-To: admin@clavensolutions.com
[27-May-2015 16:40:48 Europe/London] mail() on [/home/clavenso/public_html/Reviews/EmailNewReview.php:12]: To: jared.stevens@clavensolutions.com -- Headers: There is a new product available to review...check it out.
[27-May-2015 16:40:49 Europe/London] mail() on [/home/clavenso/public_html/Reviews/EmailNewReview.php:12]: To: jaredstevens10@yahoo.com -- Headers: There is a new product available to review...check it out.
[27-May-2015 16:42:48 Europe/London] mail() on [/home/clavenso/public_html/Reviews/EmailNewReview.php:14]: To: jared.stevens@clavensolutions.com -- Headers: 
[27-May-2015 16:42:48 Europe/London] mail() on [/home/clavenso/public_html/Reviews/EmailNewReview.php:14]: To: jaredstevens10@yahoo.com -- Headers: 
[27-May-2015 11:01:32 America/Chicago] mail() on [/home/clavenso/public_html/Reviews/ImportNewReview.php:162]: To: jared.stevens@clavensolutions.com -- Headers: 
[27-May-2015 11:01:32 America/Chicago] mail() on [/home/clavenso/public_html/Reviews/ImportNewReview.php:162]: To: jaredstevens10@yahoo.com -- Headers: 
[27-May-2015 17:02:30 Europe/London] mail() on [/home/clavenso/public_html/Reviews/ImportNewReview.php:163]: To: jared.stevens@clavensolutions.com -- Headers: 
[27-May-2015 17:02:30 Europe/London] mail() on [/home/clavenso/public_html/Reviews/ImportNewReview.php:163]: To: jaredstevens10@yahoo.com -- Headers: 
[27-May-2015 17:04:50 Europe/London] mail() on [/home/clavenso/public_html/Reviews/ImportNewReview.php:163]: To: jared.stevens@clavensolutions.com -- Headers: 
[27-May-2015 17:04:50 Europe/London] mail() on [/home/clavenso/public_html/Reviews/ImportNewReview.php:163]: To: jaredstevens10@yahoo.com -- Headers: 
[27-May-2015 17:05:13 Europe/London] mail() on [/home/clavenso/public_html/Reviews/ItemSelection.php:161]: To: jared.stevens@clavensolutions.com -- Headers: From: <admin@clavensolutions.com>  Reply-To: admin@clavensolutions.com
[27-May-2015 17:08:44 Europe/London] mail() on [/home/clavenso/public_html/Reviews/index.php:79]: To: larrystevens@cfl.rr.com -- Headers: From: <admin@clavensolutions.com>  Reply-To: admin@clavensolutions.com
[27-May-2015 17:10:22 Europe/London] mail() on [/home/clavenso/public_html/Reviews/ItemSelection.php:161]: To: larrystevens@cfl.rr.com -- Headers: From: <admin@clavensolutions.com>  Reply-To: admin@clavensolutions.com
[27-May-2015 17:17:52 Europe/London] mail() on [/home/clavenso/public_html/Reviews/ImportNewReview.php:163]: To: jared.stevens@clavensolutions.com -- Headers: 
[27-May-2015 17:17:52 Europe/London] mail() on [/home/clavenso/public_html/Reviews/ImportNewReview.php:163]: To: jaredstevens10@yahoo.com -- Headers: 
[27-May-2015 17:17:52 Europe/London] mail() on [/home/clavenso/public_html/Reviews/ImportNewReview.php:163]: To: larrystevens@cfl.rr.com -- Headers: 
[27-May-2015 17:18:54 Europe/London] mail() on [/home/clavenso/public_html/Reviews/ItemSelection.php:161]: To: larrystevens@cfl.rr.com -- Headers: From: <admin@clavensolutions.com>  Reply-To: admin@clavensolutions.com
[27-May-2015 17:19:40 Europe/London] mail() on [/home/clavenso/public_html/Reviews/ItemSelection.php:161]: To: jaredstevens10@yahoo.com -- Headers: From: <admin@clavensolutions.com>  Reply-To: admin@clavensolutions.com
[27-May-2015 17:52:59 Europe/London] mail() on [/home/clavenso/public_html/Reviews/reset.php:43]: To: jaredstevens10@yahoo.com -- Headers: From: <admin@clavensolutions.com>  Reply-To: $admin@clavensolutions.com
[27-May-2015 18:51:57 Europe/London] mail() on [/home/clavenso/public_html/Reviews/ImportNewReview.php:163]: To: jared.stevens@clavensolutions.com -- Headers: 
[27-May-2015 18:51:57 Europe/London] mail() on [/home/clavenso/public_html/Reviews/ImportNewReview.php:163]: To: jaredstevens10@yahoo.com -- Headers: 
[27-May-2015 18:51:57 Europe/London] mail() on [/home/clavenso/public_html/Reviews/ImportNewReview.php:163]: To: larrystevens@cfl.rr.com -- Headers: 
[27-May-2015 18:52:06 Europe/London] mail() on [/home/clavenso/public_html/Reviews/ImportNewReview.php:163]: To: jared.stevens@clavensolutions.com -- Headers: 
[27-May-2015 18:52:06 Europe/London] mail() on [/home/clavenso/public_html/Reviews/ImportNewReview.php:163]: To: jaredstevens10@yahoo.com -- Headers: 
[27-May-2015 18:52:06 Europe/London] mail() on [/home/clavenso/public_html/Reviews/ImportNewReview.php:163]: To: larrystevens@cfl.rr.com -- Headers: 
[27-May-2015 18:52:17 Europe/London] mail() on [/home/clavenso/public_html/Reviews/ImportNewReview.php:163]: To: jared.stevens@clavensolutions.com -- Headers: 
[27-May-2015 18:52:17 Europe/London] mail() on [/home/clavenso/public_html/Reviews/ImportNewReview.php:163]: To: jaredstevens10@yahoo.com -- Headers: 
[27-May-2015 18:52:17 Europe/London] mail() on [/home/clavenso/public_html/Reviews/ImportNewReview.php:163]: To: larrystevens@cfl.rr.com -- Headers: 
[27-May-2015 20:01:12 Europe/London] mail() on [/home/clavenso/public_html/Reviews/EmailNewReview.php:37]: To: jared.stevens@clavensolutions.com -- Headers: 
[27-May-2015 20:01:12 Europe/London] mail() on [/home/clavenso/public_html/Reviews/EmailNewReview.php:37]: To: jaredstevens10@yahoo.com -- Headers: 
[27-May-2015 20:10:28 Europe/London] mail() on [/home/clavenso/public_html/Reviews/EmailNewReview.php:38]: To: jared.stevens@clavensolutions.com -- Headers: 
[27-May-2015 20:10:28 Europe/London] mail() on [/home/clavenso/public_html/Reviews/EmailNewReview.php:38]: To: jaredstevens10@yahoo.com -- Headers: 
[31-May-2015 05:39:31 Europe/London] mail() on [/home/clavenso/public_html/Reviews/index.php:79]: To: clavensolutions@gmail.com -- Headers: From: <admin@clavensolutions.com>  Reply-To: admin@clavensolutions.com
[31-May-2015 05:44:07 Europe/London] mail() on [/home/clavenso/public_html/Reviews/index.php:79]: To: megamoose405@yahoo.com -- Headers: From: <admin@clavensolutions.com>  Reply-To: admin@clavensolutions.com
[31-May-2015 05:46:33 Europe/London] mail() on [/home/clavenso/public_html/Reviews/ItemSelection.php:186]: To: megamoose405@yahoo.com -- Headers: From: <admin@clavensolutions.com>  Reply-To: admin@clavensolutions.com
[31-May-2015 05:48:14 Europe/London] mail() on [/home/clavenso/public_html/Reviews/ItemSelection.php:186]: To: clavensolutions@gmail.com -- Headers: From: <admin@clavensolutions.com>  Reply-To: admin@clavensolutions.com
[31-May-2015 19:56:11 Europe/London] mail() on [/home/clavenso/public_html/Reviews/ItemSelection.php:186]: To: jaredstevens10@yahoo.com -- Headers: From: <admin@clavensolutions.com>  Reply-To: admin@clavensolutions.com
[31-May-2015 20:17:10 Europe/London] mail() on [/home/clavenso/public_html/Reviews/ItemSelection.php:186]: To: jaredstevens10@yahoo.com -- Headers: From: <admin@clavensolutions.com>  Reply-To: admin@clavensolutions.com
[31-May-2015 22:27:26 Europe/London] mail() on [/home/clavenso/public_html/Reviews/ItemSelection.php:186]: To: jaredstevens10@yahoo.com -- Headers: From: <admin@clavensolutions.com>  Reply-To: admin@clavensolutions.com
[31-May-2015 22:41:22 Europe/London] mail() on [/home/clavenso/public_html/Reviews/ItemSelection.php:186]: To: jaredstevens10@yahoo.com -- Headers: From: <admin@clavensolutions.com>  Reply-To: admin@clavensolutions.com
[04-Jun-2015 15:16:24 Europe/London] mail() on [/home/clavenso/public_html/Reviews/reset.php:43]: To: jaredstevens10@yahoo.com -- Headers: From: <admin@clavensolutions.com>  Reply-To: $admin@clavensolutions.com
[04-Jun-2015 15:23:14 Europe/London] mail() on [/home/clavenso/public_html/Reviews/ItemSelection.php:186]: To: jaredstevens10@yahoo.com -- Headers: From: <admin@clavensolutions.com>  Reply-To: admin@clavensolutions.com
